<?xml version="1.0" encoding="UTF-8"?>
<!-- Generated by org.testng.reporters.JUnitReportReporter -->
<testsuite hostname="DESKTOP-HP840" failures="0" tests="1" name="com.qa.PropertyFiles.Read_Files" time="0.017" errors="0" timestamp="2022-06-07T18:05:11 IST" skipped="0">
  <testcase classname="com.qa.PropertyFiles.Read_Files" name="read" time="0.017"/>
  <system-out/>
</testsuite> <!-- com.qa.PropertyFiles.Read_Files -->
